<?xml version="1.0" encoding="UTF-8"?>
<testsuite xmlns:xsi="http://www.w3.org/2001/XMLSchema-instance" xsi:noNamespaceSchemaLocation="https://maven.apache.org/surefire/maven-surefire-plugin/xsd/surefire-test-report-3.0.xsd" version="3.0" name="org.intuit.scoreservice.controllers.PlayerControllerTest" time="0.012" tests="1" errors="0" skipped="0" failures="0">
  <properties>
    <property name="java.specification.version" value="18"/>
    <property name="sun.jnu.encoding" value="UTF-8"/>
    <property name="java.class.path" value="/Users/manmeetkaur/Downloads/interview-main/Intuit/target/test-classes:/Users/manmeetkaur/Downloads/interview-main/Intuit/target/classes:/Users/manmeetkaur/.m2/repository/junit/junit/3.8.1/junit-3.8.1.jar:/Users/manmeetkaur/.m2/repository/org/springframework/boot/spring-boot-starter-web/3.3.1/spring-boot-starter-web-3.3.1.jar:/Users/manmeetkaur/.m2/repository/org/springframework/boot/spring-boot-starter/3.3.1/spring-boot-starter-3.3.1.jar:/Users/manmeetkaur/.m2/repository/org/springframework/boot/spring-boot/3.3.1/spring-boot-3.3.1.jar:/Users/manmeetkaur/.m2/repository/org/springframework/boot/spring-boot-autoconfigure/3.3.1/spring-boot-autoconfigure-3.3.1.jar:/Users/manmeetkaur/.m2/repository/org/springframework/boot/spring-boot-starter-logging/3.3.1/spring-boot-starter-logging-3.3.1.jar:/Users/manmeetkaur/.m2/repository/ch/qos/logback/logback-classic/1.5.6/logback-classic-1.5.6.jar:/Users/manmeetkaur/.m2/repository/ch/qos/logback/logback-core/1.5.6/logback-core-1.5.6.jar:/Users/manmeetkaur/.m2/repository/org/apache/logging/log4j/log4j-to-slf4j/2.23.1/log4j-to-slf4j-2.23.1.jar:/Users/manmeetkaur/.m2/repository/org/apache/logging/log4j/log4j-api/2.23.1/log4j-api-2.23.1.jar:/Users/manmeetkaur/.m2/repository/org/slf4j/jul-to-slf4j/2.0.13/jul-to-slf4j-2.0.13.jar:/Users/manmeetkaur/.m2/repository/jakarta/annotation/jakarta.annotation-api/2.1.1/jakarta.annotation-api-2.1.1.jar:/Users/manmeetkaur/.m2/repository/org/yaml/snakeyaml/2.2/snakeyaml-2.2.jar:/Users/manmeetkaur/.m2/repository/org/springframework/boot/spring-boot-starter-json/3.3.1/spring-boot-starter-json-3.3.1.jar:/Users/manmeetkaur/.m2/repository/com/fasterxml/jackson/core/jackson-databind/2.17.1/jackson-databind-2.17.1.jar:/Users/manmeetkaur/.m2/repository/com/fasterxml/jackson/core/jackson-annotations/2.17.1/jackson-annotations-2.17.1.jar:/Users/manmeetkaur/.m2/repository/com/fasterxml/jackson/core/jackson-core/2.17.1/jackson-core-2.17.1.jar:/Users/manmeetkaur/.m2/repository/com/fasterxml/jackson/datatype/jackson-datatype-jdk8/2.17.1/jackson-datatype-jdk8-2.17.1.jar:/Users/manmeetkaur/.m2/repository/com/fasterxml/jackson/datatype/jackson-datatype-jsr310/2.17.1/jackson-datatype-jsr310-2.17.1.jar:/Users/manmeetkaur/.m2/repository/com/fasterxml/jackson/module/jackson-module-parameter-names/2.17.1/jackson-module-parameter-names-2.17.1.jar:/Users/manmeetkaur/.m2/repository/org/springframework/boot/spring-boot-starter-tomcat/3.3.1/spring-boot-starter-tomcat-3.3.1.jar:/Users/manmeetkaur/.m2/repository/org/apache/tomcat/embed/tomcat-embed-core/10.1.25/tomcat-embed-core-10.1.25.jar:/Users/manmeetkaur/.m2/repository/org/apache/tomcat/embed/tomcat-embed-el/10.1.25/tomcat-embed-el-10.1.25.jar:/Users/manmeetkaur/.m2/repository/org/apache/tomcat/embed/tomcat-embed-websocket/10.1.25/tomcat-embed-websocket-10.1.25.jar:/Users/manmeetkaur/.m2/repository/org/springframework/spring-web/6.1.10/spring-web-6.1.10.jar:/Users/manmeetkaur/.m2/repository/org/springframework/spring-beans/6.1.10/spring-beans-6.1.10.jar:/Users/manmeetkaur/.m2/repository/io/micrometer/micrometer-observation/1.12.7/micrometer-observation-1.12.7.jar:/Users/manmeetkaur/.m2/repository/io/micrometer/micrometer-commons/1.12.7/micrometer-commons-1.12.7.jar:/Users/manmeetkaur/.m2/repository/org/springframework/spring-webmvc/6.1.10/spring-webmvc-6.1.10.jar:/Users/manmeetkaur/.m2/repository/org/springframework/spring-aop/6.1.10/spring-aop-6.1.10.jar:/Users/manmeetkaur/.m2/repository/org/springframework/spring-context/6.1.10/spring-context-6.1.10.jar:/Users/manmeetkaur/.m2/repository/org/springframework/spring-expression/6.1.10/spring-expression-6.1.10.jar:/Users/manmeetkaur/.m2/repository/org/springframework/boot/spring-boot-starter-data-redis/3.3.1/spring-boot-starter-data-redis-3.3.1.jar:/Users/manmeetkaur/.m2/repository/org/springframework/data/spring-data-redis/3.3.1/spring-data-redis-3.3.1.jar:/Users/manmeetkaur/.m2/repository/org/springframework/data/spring-data-keyvalue/3.3.1/spring-data-keyvalue-3.3.1.jar:/Users/manmeetkaur/.m2/repository/org/springframework/spring-tx/6.1.9/spring-tx-6.1.9.jar:/Users/manmeetkaur/.m2/repository/org/springframework/spring-oxm/6.1.9/spring-oxm-6.1.9.jar:/Users/manmeetkaur/.m2/repository/org/springframework/spring-context-support/6.1.9/spring-context-support-6.1.9.jar:/Users/manmeetkaur/.m2/repository/org/projectlombok/lombok/1.18.34/lombok-1.18.34.jar:/Users/manmeetkaur/.m2/repository/io/lettuce/lettuce-core/6.2.0.RELEASE/lettuce-core-6.2.0.RELEASE.jar:/Users/manmeetkaur/.m2/repository/io/netty/netty-common/4.1.79.Final/netty-common-4.1.79.Final.jar:/Users/manmeetkaur/.m2/repository/io/netty/netty-handler/4.1.79.Final/netty-handler-4.1.79.Final.jar:/Users/manmeetkaur/.m2/repository/io/netty/netty-resolver/4.1.79.Final/netty-resolver-4.1.79.Final.jar:/Users/manmeetkaur/.m2/repository/io/netty/netty-buffer/4.1.79.Final/netty-buffer-4.1.79.Final.jar:/Users/manmeetkaur/.m2/repository/io/netty/netty-transport-native-unix-common/4.1.79.Final/netty-transport-native-unix-common-4.1.79.Final.jar:/Users/manmeetkaur/.m2/repository/io/netty/netty-codec/4.1.79.Final/netty-codec-4.1.79.Final.jar:/Users/manmeetkaur/.m2/repository/io/netty/netty-transport/4.1.79.Final/netty-transport-4.1.79.Final.jar:/Users/manmeetkaur/.m2/repository/io/projectreactor/reactor-core/3.4.21/reactor-core-3.4.21.jar:/Users/manmeetkaur/.m2/repository/org/reactivestreams/reactive-streams/1.0.4/reactive-streams-1.0.4.jar:/Users/manmeetkaur/.m2/repository/org/springframework/boot/spring-boot-starter-data-jpa/3.3.1/spring-boot-starter-data-jpa-3.3.1.jar:/Users/manmeetkaur/.m2/repository/org/springframework/boot/spring-boot-starter-aop/3.3.1/spring-boot-starter-aop-3.3.1.jar:/Users/manmeetkaur/.m2/repository/org/aspectj/aspectjweaver/1.9.22/aspectjweaver-1.9.22.jar:/Users/manmeetkaur/.m2/repository/org/springframework/boot/spring-boot-starter-jdbc/3.3.1/spring-boot-starter-jdbc-3.3.1.jar:/Users/manmeetkaur/.m2/repository/com/zaxxer/HikariCP/5.1.0/HikariCP-5.1.0.jar:/Users/manmeetkaur/.m2/repository/org/springframework/spring-jdbc/6.1.10/spring-jdbc-6.1.10.jar:/Users/manmeetkaur/.m2/repository/org/hibernate/orm/hibernate-core/6.5.2.Final/hibernate-core-6.5.2.Final.jar:/Users/manmeetkaur/.m2/repository/jakarta/persistence/jakarta.persistence-api/3.1.0/jakarta.persistence-api-3.1.0.jar:/Users/manmeetkaur/.m2/repository/jakarta/transaction/jakarta.transaction-api/2.0.1/jakarta.transaction-api-2.0.1.jar:/Users/manmeetkaur/.m2/repository/org/jboss/logging/jboss-logging/3.5.0.Final/jboss-logging-3.5.0.Final.jar:/Users/manmeetkaur/.m2/repository/org/hibernate/common/hibernate-commons-annotations/6.0.6.Final/hibernate-commons-annotations-6.0.6.Final.jar:/Users/manmeetkaur/.m2/repository/io/smallrye/jandex/3.1.2/jandex-3.1.2.jar:/Users/manmeetkaur/.m2/repository/com/fasterxml/classmate/1.5.1/classmate-1.5.1.jar:/Users/manmeetkaur/.m2/repository/net/bytebuddy/byte-buddy/1.14.15/byte-buddy-1.14.15.jar:/Users/manmeetkaur/.m2/repository/org/glassfish/jaxb/jaxb-runtime/4.0.2/jaxb-runtime-4.0.2.jar:/Users/manmeetkaur/.m2/repository/org/glassfish/jaxb/jaxb-core/4.0.2/jaxb-core-4.0.2.jar:/Users/manmeetkaur/.m2/repository/org/eclipse/angus/angus-activation/2.0.0/angus-activation-2.0.0.jar:/Users/manmeetkaur/.m2/repository/org/glassfish/jaxb/txw2/4.0.2/txw2-4.0.2.jar:/Users/manmeetkaur/.m2/repository/com/sun/istack/istack-commons-runtime/4.1.1/istack-commons-runtime-4.1.1.jar:/Users/manmeetkaur/.m2/repository/jakarta/inject/jakarta.inject-api/2.0.1/jakarta.inject-api-2.0.1.jar:/Users/manmeetkaur/.m2/repository/org/antlr/antlr4-runtime/4.13.0/antlr4-runtime-4.13.0.jar:/Users/manmeetkaur/.m2/repository/org/springframework/data/spring-data-jpa/3.3.1/spring-data-jpa-3.3.1.jar:/Users/manmeetkaur/.m2/repository/org/springframework/data/spring-data-commons/3.3.1/spring-data-commons-3.3.1.jar:/Users/manmeetkaur/.m2/repository/org/springframework/spring-orm/6.1.9/spring-orm-6.1.9.jar:/Users/manmeetkaur/.m2/repository/org/springframework/spring-aspects/6.1.10/spring-aspects-6.1.10.jar:/Users/manmeetkaur/.m2/repository/com/rabbitmq/amqp-client/5.21.0/amqp-client-5.21.0.jar:/Users/manmeetkaur/.m2/repository/org/slf4j/slf4j-api/2.0.1/slf4j-api-2.0.1.jar:/Users/manmeetkaur/.m2/repository/org/postgresql/postgresql/42.6.0/postgresql-42.6.0.jar:/Users/manmeetkaur/.m2/repository/org/checkerframework/checker-qual/3.31.0/checker-qual-3.31.0.jar:/Users/manmeetkaur/.m2/repository/org/modelmapper/modelmapper/3.0.0/modelmapper-3.0.0.jar:/Users/manmeetkaur/.m2/repository/org/springframework/boot/spring-boot-starter-amqp/3.3.1/spring-boot-starter-amqp-3.3.1.jar:/Users/manmeetkaur/.m2/repository/org/springframework/spring-messaging/6.1.10/spring-messaging-6.1.10.jar:/Users/manmeetkaur/.m2/repository/org/springframework/amqp/spring-rabbit/3.1.6/spring-rabbit-3.1.6.jar:/Users/manmeetkaur/.m2/repository/org/springframework/amqp/spring-amqp/3.1.6/spring-amqp-3.1.6.jar:/Users/manmeetkaur/.m2/repository/org/springframework/retry/spring-retry/2.0.6/spring-retry-2.0.6.jar:/Users/manmeetkaur/.m2/repository/org/mockito/mockito-junit-jupiter/4.0.0/mockito-junit-jupiter-4.0.0.jar:/Users/manmeetkaur/.m2/repository/org/mockito/mockito-core/4.0.0/mockito-core-4.0.0.jar:/Users/manmeetkaur/.m2/repository/net/bytebuddy/byte-buddy-agent/1.11.19/byte-buddy-agent-1.11.19.jar:/Users/manmeetkaur/.m2/repository/org/objenesis/objenesis/3.2/objenesis-3.2.jar:/Users/manmeetkaur/.m2/repository/org/springframework/boot/spring-boot-starter-test/3.3.1/spring-boot-starter-test-3.3.1.jar:/Users/manmeetkaur/.m2/repository/org/springframework/boot/spring-boot-test/3.3.1/spring-boot-test-3.3.1.jar:/Users/manmeetkaur/.m2/repository/org/springframework/boot/spring-boot-test-autoconfigure/3.3.1/spring-boot-test-autoconfigure-3.3.1.jar:/Users/manmeetkaur/.m2/repository/com/jayway/jsonpath/json-path/2.9.0/json-path-2.9.0.jar:/Users/manmeetkaur/.m2/repository/jakarta/xml/bind/jakarta.xml.bind-api/4.0.2/jakarta.xml.bind-api-4.0.2.jar:/Users/manmeetkaur/.m2/repository/jakarta/activation/jakarta.activation-api/2.1.3/jakarta.activation-api-2.1.3.jar:/Users/manmeetkaur/.m2/repository/net/minidev/json-smart/2.5.1/json-smart-2.5.1.jar:/Users/manmeetkaur/.m2/repository/net/minidev/accessors-smart/2.5.1/accessors-smart-2.5.1.jar:/Users/manmeetkaur/.m2/repository/org/ow2/asm/asm/9.6/asm-9.6.jar:/Users/manmeetkaur/.m2/repository/org/assertj/assertj-core/3.25.3/assertj-core-3.25.3.jar:/Users/manmeetkaur/.m2/repository/org/awaitility/awaitility/4.2.1/awaitility-4.2.1.jar:/Users/manmeetkaur/.m2/repository/org/hamcrest/hamcrest/2.2/hamcrest-2.2.jar:/Users/manmeetkaur/.m2/repository/org/junit/jupiter/junit-jupiter/5.10.2/junit-jupiter-5.10.2.jar:/Users/manmeetkaur/.m2/repository/org/junit/jupiter/junit-jupiter-params/5.10.2/junit-jupiter-params-5.10.2.jar:/Users/manmeetkaur/.m2/repository/org/skyscreamer/jsonassert/1.5.1/jsonassert-1.5.1.jar:/Users/manmeetkaur/.m2/repository/com/vaadin/external/google/android-json/0.0.20131108.vaadin1/android-json-0.0.20131108.vaadin1.jar:/Users/manmeetkaur/.m2/repository/org/springframework/spring-core/6.1.10/spring-core-6.1.10.jar:/Users/manmeetkaur/.m2/repository/org/springframework/spring-jcl/6.1.10/spring-jcl-6.1.10.jar:/Users/manmeetkaur/.m2/repository/org/springframework/spring-test/6.1.10/spring-test-6.1.10.jar:/Users/manmeetkaur/.m2/repository/org/xmlunit/xmlunit-core/2.9.1/xmlunit-core-2.9.1.jar:/Users/manmeetkaur/.m2/repository/org/junit/jupiter/junit-jupiter-api/5.10.2/junit-jupiter-api-5.10.2.jar:/Users/manmeetkaur/.m2/repository/org/opentest4j/opentest4j/1.3.0/opentest4j-1.3.0.jar:/Users/manmeetkaur/.m2/repository/org/junit/platform/junit-platform-commons/1.10.2/junit-platform-commons-1.10.2.jar:/Users/manmeetkaur/.m2/repository/org/apiguardian/apiguardian-api/1.1.2/apiguardian-api-1.1.2.jar:/Users/manmeetkaur/.m2/repository/org/junit/jupiter/junit-jupiter-engine/5.10.2/junit-jupiter-engine-5.10.2.jar:/Users/manmeetkaur/.m2/repository/org/junit/platform/junit-platform-engine/1.10.2/junit-platform-engine-1.10.2.jar:"/>
    <property name="java.vm.vendor" value="Oracle Corporation"/>
    <property name="sun.arch.data.model" value="64"/>
    <property name="java.vendor.url" value="https://java.oracle.com/"/>
    <property name="user.timezone" value="Asia/Kolkata"/>
    <property name="os.name" value="Mac OS X"/>
    <property name="java.vm.specification.version" value="18"/>
    <property name="sun.java.launcher" value="SUN_STANDARD"/>
    <property name="user.country" value="IN"/>
    <property name="sun.boot.library.path" value="/Library/Java/JavaVirtualMachines/jdk-18.0.2.jdk/Contents/Home/lib"/>
    <property name="sun.java.command" value="/Users/manmeetkaur/Downloads/interview-main/Intuit/target/surefire/surefirebooter-20240725142234851_3.jar /Users/manmeetkaur/Downloads/interview-main/Intuit/target/surefire 2024-07-25T14-22-34_800-jvmRun1 surefire-20240725142234851_1tmp surefire_0-20240725142234851_2tmp"/>
    <property name="http.nonProxyHosts" value="local|*.local|169.254/16|*.169.254/16"/>
    <property name="jdk.debug" value="release"/>
    <property name="surefire.test.class.path" value="/Users/manmeetkaur/Downloads/interview-main/Intuit/target/test-classes:/Users/manmeetkaur/Downloads/interview-main/Intuit/target/classes:/Users/manmeetkaur/.m2/repository/junit/junit/3.8.1/junit-3.8.1.jar:/Users/manmeetkaur/.m2/repository/org/springframework/boot/spring-boot-starter-web/3.3.1/spring-boot-starter-web-3.3.1.jar:/Users/manmeetkaur/.m2/repository/org/springframework/boot/spring-boot-starter/3.3.1/spring-boot-starter-3.3.1.jar:/Users/manmeetkaur/.m2/repository/org/springframework/boot/spring-boot/3.3.1/spring-boot-3.3.1.jar:/Users/manmeetkaur/.m2/repository/org/springframework/boot/spring-boot-autoconfigure/3.3.1/spring-boot-autoconfigure-3.3.1.jar:/Users/manmeetkaur/.m2/repository/org/springframework/boot/spring-boot-starter-logging/3.3.1/spring-boot-starter-logging-3.3.1.jar:/Users/manmeetkaur/.m2/repository/ch/qos/logback/logback-classic/1.5.6/logback-classic-1.5.6.jar:/Users/manmeetkaur/.m2/repository/ch/qos/logback/logback-core/1.5.6/logback-core-1.5.6.jar:/Users/manmeetkaur/.m2/repository/org/apache/logging/log4j/log4j-to-slf4j/2.23.1/log4j-to-slf4j-2.23.1.jar:/Users/manmeetkaur/.m2/repository/org/apache/logging/log4j/log4j-api/2.23.1/log4j-api-2.23.1.jar:/Users/manmeetkaur/.m2/repository/org/slf4j/jul-to-slf4j/2.0.13/jul-to-slf4j-2.0.13.jar:/Users/manmeetkaur/.m2/repository/jakarta/annotation/jakarta.annotation-api/2.1.1/jakarta.annotation-api-2.1.1.jar:/Users/manmeetkaur/.m2/repository/org/yaml/snakeyaml/2.2/snakeyaml-2.2.jar:/Users/manmeetkaur/.m2/repository/org/springframework/boot/spring-boot-starter-json/3.3.1/spring-boot-starter-json-3.3.1.jar:/Users/manmeetkaur/.m2/repository/com/fasterxml/jackson/core/jackson-databind/2.17.1/jackson-databind-2.17.1.jar:/Users/manmeetkaur/.m2/repository/com/fasterxml/jackson/core/jackson-annotations/2.17.1/jackson-annotations-2.17.1.jar:/Users/manmeetkaur/.m2/repository/com/fasterxml/jackson/core/jackson-core/2.17.1/jackson-core-2.17.1.jar:/Users/manmeetkaur/.m2/repository/com/fasterxml/jackson/datatype/jackson-datatype-jdk8/2.17.1/jackson-datatype-jdk8-2.17.1.jar:/Users/manmeetkaur/.m2/repository/com/fasterxml/jackson/datatype/jackson-datatype-jsr310/2.17.1/jackson-datatype-jsr310-2.17.1.jar:/Users/manmeetkaur/.m2/repository/com/fasterxml/jackson/module/jackson-module-parameter-names/2.17.1/jackson-module-parameter-names-2.17.1.jar:/Users/manmeetkaur/.m2/repository/org/springframework/boot/spring-boot-starter-tomcat/3.3.1/spring-boot-starter-tomcat-3.3.1.jar:/Users/manmeetkaur/.m2/repository/org/apache/tomcat/embed/tomcat-embed-core/10.1.25/tomcat-embed-core-10.1.25.jar:/Users/manmeetkaur/.m2/repository/org/apache/tomcat/embed/tomcat-embed-el/10.1.25/tomcat-embed-el-10.1.25.jar:/Users/manmeetkaur/.m2/repository/org/apache/tomcat/embed/tomcat-embed-websocket/10.1.25/tomcat-embed-websocket-10.1.25.jar:/Users/manmeetkaur/.m2/repository/org/springframework/spring-web/6.1.10/spring-web-6.1.10.jar:/Users/manmeetkaur/.m2/repository/org/springframework/spring-beans/6.1.10/spring-beans-6.1.10.jar:/Users/manmeetkaur/.m2/repository/io/micrometer/micrometer-observation/1.12.7/micrometer-observation-1.12.7.jar:/Users/manmeetkaur/.m2/repository/io/micrometer/micrometer-commons/1.12.7/micrometer-commons-1.12.7.jar:/Users/manmeetkaur/.m2/repository/org/springframework/spring-webmvc/6.1.10/spring-webmvc-6.1.10.jar:/Users/manmeetkaur/.m2/repository/org/springframework/spring-aop/6.1.10/spring-aop-6.1.10.jar:/Users/manmeetkaur/.m2/repository/org/springframework/spring-context/6.1.10/spring-context-6.1.10.jar:/Users/manmeetkaur/.m2/repository/org/springframework/spring-expression/6.1.10/spring-expression-6.1.10.jar:/Users/manmeetkaur/.m2/repository/org/springframework/boot/spring-boot-starter-data-redis/3.3.1/spring-boot-starter-data-redis-3.3.1.jar:/Users/manmeetkaur/.m2/repository/org/springframework/data/spring-data-redis/3.3.1/spring-data-redis-3.3.1.jar:/Users/manmeetkaur/.m2/repository/org/springframework/data/spring-data-keyvalue/3.3.1/spring-data-keyvalue-3.3.1.jar:/Users/manmeetkaur/.m2/repository/org/springframework/spring-tx/6.1.9/spring-tx-6.1.9.jar:/Users/manmeetkaur/.m2/repository/org/springframework/spring-oxm/6.1.9/spring-oxm-6.1.9.jar:/Users/manmeetkaur/.m2/repository/org/springframework/spring-context-support/6.1.9/spring-context-support-6.1.9.jar:/Users/manmeetkaur/.m2/repository/org/projectlombok/lombok/1.18.34/lombok-1.18.34.jar:/Users/manmeetkaur/.m2/repository/io/lettuce/lettuce-core/6.2.0.RELEASE/lettuce-core-6.2.0.RELEASE.jar:/Users/manmeetkaur/.m2/repository/io/netty/netty-common/4.1.79.Final/netty-common-4.1.79.Final.jar:/Users/manmeetkaur/.m2/repository/io/netty/netty-handler/4.1.79.Final/netty-handler-4.1.79.Final.jar:/Users/manmeetkaur/.m2/repository/io/netty/netty-resolver/4.1.79.Final/netty-resolver-4.1.79.Final.jar:/Users/manmeetkaur/.m2/repository/io/netty/netty-buffer/4.1.79.Final/netty-buffer-4.1.79.Final.jar:/Users/manmeetkaur/.m2/repository/io/netty/netty-transport-native-unix-common/4.1.79.Final/netty-transport-native-unix-common-4.1.79.Final.jar:/Users/manmeetkaur/.m2/repository/io/netty/netty-codec/4.1.79.Final/netty-codec-4.1.79.Final.jar:/Users/manmeetkaur/.m2/repository/io/netty/netty-transport/4.1.79.Final/netty-transport-4.1.79.Final.jar:/Users/manmeetkaur/.m2/repository/io/projectreactor/reactor-core/3.4.21/reactor-core-3.4.21.jar:/Users/manmeetkaur/.m2/repository/org/reactivestreams/reactive-streams/1.0.4/reactive-streams-1.0.4.jar:/Users/manmeetkaur/.m2/repository/org/springframework/boot/spring-boot-starter-data-jpa/3.3.1/spring-boot-starter-data-jpa-3.3.1.jar:/Users/manmeetkaur/.m2/repository/org/springframework/boot/spring-boot-starter-aop/3.3.1/spring-boot-starter-aop-3.3.1.jar:/Users/manmeetkaur/.m2/repository/org/aspectj/aspectjweaver/1.9.22/aspectjweaver-1.9.22.jar:/Users/manmeetkaur/.m2/repository/org/springframework/boot/spring-boot-starter-jdbc/3.3.1/spring-boot-starter-jdbc-3.3.1.jar:/Users/manmeetkaur/.m2/repository/com/zaxxer/HikariCP/5.1.0/HikariCP-5.1.0.jar:/Users/manmeetkaur/.m2/repository/org/springframework/spring-jdbc/6.1.10/spring-jdbc-6.1.10.jar:/Users/manmeetkaur/.m2/repository/org/hibernate/orm/hibernate-core/6.5.2.Final/hibernate-core-6.5.2.Final.jar:/Users/manmeetkaur/.m2/repository/jakarta/persistence/jakarta.persistence-api/3.1.0/jakarta.persistence-api-3.1.0.jar:/Users/manmeetkaur/.m2/repository/jakarta/transaction/jakarta.transaction-api/2.0.1/jakarta.transaction-api-2.0.1.jar:/Users/manmeetkaur/.m2/repository/org/jboss/logging/jboss-logging/3.5.0.Final/jboss-logging-3.5.0.Final.jar:/Users/manmeetkaur/.m2/repository/org/hibernate/common/hibernate-commons-annotations/6.0.6.Final/hibernate-commons-annotations-6.0.6.Final.jar:/Users/manmeetkaur/.m2/repository/io/smallrye/jandex/3.1.2/jandex-3.1.2.jar:/Users/manmeetkaur/.m2/repository/com/fasterxml/classmate/1.5.1/classmate-1.5.1.jar:/Users/manmeetkaur/.m2/repository/net/bytebuddy/byte-buddy/1.14.15/byte-buddy-1.14.15.jar:/Users/manmeetkaur/.m2/repository/org/glassfish/jaxb/jaxb-runtime/4.0.2/jaxb-runtime-4.0.2.jar:/Users/manmeetkaur/.m2/repository/org/glassfish/jaxb/jaxb-core/4.0.2/jaxb-core-4.0.2.jar:/Users/manmeetkaur/.m2/repository/org/eclipse/angus/angus-activation/2.0.0/angus-activation-2.0.0.jar:/Users/manmeetkaur/.m2/repository/org/glassfish/jaxb/txw2/4.0.2/txw2-4.0.2.jar:/Users/manmeetkaur/.m2/repository/com/sun/istack/istack-commons-runtime/4.1.1/istack-commons-runtime-4.1.1.jar:/Users/manmeetkaur/.m2/repository/jakarta/inject/jakarta.inject-api/2.0.1/jakarta.inject-api-2.0.1.jar:/Users/manmeetkaur/.m2/repository/org/antlr/antlr4-runtime/4.13.0/antlr4-runtime-4.13.0.jar:/Users/manmeetkaur/.m2/repository/org/springframework/data/spring-data-jpa/3.3.1/spring-data-jpa-3.3.1.jar:/Users/manmeetkaur/.m2/repository/org/springframework/data/spring-data-commons/3.3.1/spring-data-commons-3.3.1.jar:/Users/manmeetkaur/.m2/repository/org/springframework/spring-orm/6.1.9/spring-orm-6.1.9.jar:/Users/manmeetkaur/.m2/repository/org/springframework/spring-aspects/6.1.10/spring-aspects-6.1.10.jar:/Users/manmeetkaur/.m2/repository/com/rabbitmq/amqp-client/5.21.0/amqp-client-5.21.0.jar:/Users/manmeetkaur/.m2/repository/org/slf4j/slf4j-api/2.0.1/slf4j-api-2.0.1.jar:/Users/manmeetkaur/.m2/repository/org/postgresql/postgresql/42.6.0/postgresql-42.6.0.jar:/Users/manmeetkaur/.m2/repository/org/checkerframework/checker-qual/3.31.0/checker-qual-3.31.0.jar:/Users/manmeetkaur/.m2/repository/org/modelmapper/modelmapper/3.0.0/modelmapper-3.0.0.jar:/Users/manmeetkaur/.m2/repository/org/springframework/boot/spring-boot-starter-amqp/3.3.1/spring-boot-starter-amqp-3.3.1.jar:/Users/manmeetkaur/.m2/repository/org/springframework/spring-messaging/6.1.10/spring-messaging-6.1.10.jar:/Users/manmeetkaur/.m2/repository/org/springframework/amqp/spring-rabbit/3.1.6/spring-rabbit-3.1.6.jar:/Users/manmeetkaur/.m2/repository/org/springframework/amqp/spring-amqp/3.1.6/spring-amqp-3.1.6.jar:/Users/manmeetkaur/.m2/repository/org/springframework/retry/spring-retry/2.0.6/spring-retry-2.0.6.jar:/Users/manmeetkaur/.m2/repository/org/mockito/mockito-junit-jupiter/4.0.0/mockito-junit-jupiter-4.0.0.jar:/Users/manmeetkaur/.m2/repository/org/mockito/mockito-core/4.0.0/mockito-core-4.0.0.jar:/Users/manmeetkaur/.m2/repository/net/bytebuddy/byte-buddy-agent/1.11.19/byte-buddy-agent-1.11.19.jar:/Users/manmeetkaur/.m2/repository/org/objenesis/objenesis/3.2/objenesis-3.2.jar:/Users/manmeetkaur/.m2/repository/org/springframework/boot/spring-boot-starter-test/3.3.1/spring-boot-starter-test-3.3.1.jar:/Users/manmeetkaur/.m2/repository/org/springframework/boot/spring-boot-test/3.3.1/spring-boot-test-3.3.1.jar:/Users/manmeetkaur/.m2/repository/org/springframework/boot/spring-boot-test-autoconfigure/3.3.1/spring-boot-test-autoconfigure-3.3.1.jar:/Users/manmeetkaur/.m2/repository/com/jayway/jsonpath/json-path/2.9.0/json-path-2.9.0.jar:/Users/manmeetkaur/.m2/repository/jakarta/xml/bind/jakarta.xml.bind-api/4.0.2/jakarta.xml.bind-api-4.0.2.jar:/Users/manmeetkaur/.m2/repository/jakarta/activation/jakarta.activation-api/2.1.3/jakarta.activation-api-2.1.3.jar:/Users/manmeetkaur/.m2/repository/net/minidev/json-smart/2.5.1/json-smart-2.5.1.jar:/Users/manmeetkaur/.m2/repository/net/minidev/accessors-smart/2.5.1/accessors-smart-2.5.1.jar:/Users/manmeetkaur/.m2/repository/org/ow2/asm/asm/9.6/asm-9.6.jar:/Users/manmeetkaur/.m2/repository/org/assertj/assertj-core/3.25.3/assertj-core-3.25.3.jar:/Users/manmeetkaur/.m2/repository/org/awaitility/awaitility/4.2.1/awaitility-4.2.1.jar:/Users/manmeetkaur/.m2/repository/org/hamcrest/hamcrest/2.2/hamcrest-2.2.jar:/Users/manmeetkaur/.m2/repository/org/junit/jupiter/junit-jupiter/5.10.2/junit-jupiter-5.10.2.jar:/Users/manmeetkaur/.m2/repository/org/junit/jupiter/junit-jupiter-params/5.10.2/junit-jupiter-params-5.10.2.jar:/Users/manmeetkaur/.m2/repository/org/skyscreamer/jsonassert/1.5.1/jsonassert-1.5.1.jar:/Users/manmeetkaur/.m2/repository/com/vaadin/external/google/android-json/0.0.20131108.vaadin1/android-json-0.0.20131108.vaadin1.jar:/Users/manmeetkaur/.m2/repository/org/springframework/spring-core/6.1.10/spring-core-6.1.10.jar:/Users/manmeetkaur/.m2/repository/org/springframework/spring-jcl/6.1.10/spring-jcl-6.1.10.jar:/Users/manmeetkaur/.m2/repository/org/springframework/spring-test/6.1.10/spring-test-6.1.10.jar:/Users/manmeetkaur/.m2/repository/org/xmlunit/xmlunit-core/2.9.1/xmlunit-core-2.9.1.jar:/Users/manmeetkaur/.m2/repository/org/junit/jupiter/junit-jupiter-api/5.10.2/junit-jupiter-api-5.10.2.jar:/Users/manmeetkaur/.m2/repository/org/opentest4j/opentest4j/1.3.0/opentest4j-1.3.0.jar:/Users/manmeetkaur/.m2/repository/org/junit/platform/junit-platform-commons/1.10.2/junit-platform-commons-1.10.2.jar:/Users/manmeetkaur/.m2/repository/org/apiguardian/apiguardian-api/1.1.2/apiguardian-api-1.1.2.jar:/Users/manmeetkaur/.m2/repository/org/junit/jupiter/junit-jupiter-engine/5.10.2/junit-jupiter-engine-5.10.2.jar:/Users/manmeetkaur/.m2/repository/org/junit/platform/junit-platform-engine/1.10.2/junit-platform-engine-1.10.2.jar:"/>
    <property name="sun.cpu.endian" value="little"/>
    <property name="user.home" value="/Users/manmeetkaur"/>
    <property name="user.language" value="en"/>
    <property name="java.specification.vendor" value="Oracle Corporation"/>
    <property name="java.version.date" value="2022-07-19"/>
    <property name="java.home" value="/Library/Java/JavaVirtualMachines/jdk-18.0.2.jdk/Contents/Home"/>
    <property name="file.separator" value="/"/>
    <property name="basedir" value="/Users/manmeetkaur/Downloads/interview-main/Intuit"/>
    <property name="java.vm.compressedOopsMode" value="Zero based"/>
    <property name="line.separator" value="&#10;"/>
    <property name="java.vm.specification.vendor" value="Oracle Corporation"/>
    <property name="java.specification.name" value="Java Platform API Specification"/>
    <property name="apple.awt.application.name" value="ForkedBooter"/>
    <property name="surefire.real.class.path" value="/Users/manmeetkaur/Downloads/interview-main/Intuit/target/surefire/surefirebooter-20240725142234851_3.jar"/>
    <property name="sun.management.compiler" value="HotSpot 64-Bit Tiered Compilers"/>
    <property name="ftp.nonProxyHosts" value="local|*.local|169.254/16|*.169.254/16"/>
    <property name="java.runtime.version" value="18.0.2+9-61"/>
    <property name="user.name" value="manmeetkaur"/>
    <property name="path.separator" value=":"/>
    <property name="os.version" value="14.4.1"/>
    <property name="java.runtime.name" value="Java(TM) SE Runtime Environment"/>
    <property name="file.encoding" value="UTF-8"/>
    <property name="java.vm.name" value="Java HotSpot(TM) 64-Bit Server VM"/>
    <property name="localRepository" value="/Users/manmeetkaur/.m2/repository"/>
    <property name="java.vendor.url.bug" value="https://bugreport.java.com/bugreport/"/>
    <property name="java.io.tmpdir" value="/var/folders/vh/z4r_r37n1mjdg1hjl8m_mww80000gn/T/"/>
    <property name="java.version" value="18.0.2"/>
    <property name="user.dir" value="/Users/manmeetkaur/Downloads/interview-main/Intuit"/>
    <property name="os.arch" value="aarch64"/>
    <property name="java.vm.specification.name" value="Java Virtual Machine Specification"/>
    <property name="native.encoding" value="US-ASCII"/>
    <property name="java.library.path" value="/Users/manmeetkaur/Library/Java/Extensions:/Library/Java/Extensions:/Network/Library/Java/Extensions:/System/Library/Java/Extensions:/usr/lib/java:."/>
    <property name="java.vm.info" value="mixed mode, sharing"/>
    <property name="java.vendor" value="Oracle Corporation"/>
    <property name="java.vm.version" value="18.0.2+9-61"/>
    <property name="sun.io.unicode.encoding" value="UnicodeBig"/>
    <property name="socksNonProxyHosts" value="local|*.local|169.254/16|*.169.254/16"/>
    <property name="java.class.version" value="62.0"/>
  </properties>
  <testcase name="testCreatePlayer" classname="org.intuit.scoreservice.controllers.PlayerControllerTest" time="0.011"/>
</testsuite>